<?xml version="1.0" encoding="UTF-8"?>
<testsuite xmlns:xsi="http://www.w3.org/2001/XMLSchema-instance" xsi:noNamespaceSchemaLocation="https://maven.apache.org/surefire/maven-surefire-plugin/xsd/surefire-test-report.xsd" name="TwoDimensionalTableTest" time="0" tests="4" errors="0" skipped="0" failures="0">
  <properties>
[...]
</properties>
  <testcase name="fullFillTable2DWithDefaultValues_01" classname="TwoDimensionalTableTest" time="0"/>
  <testcase name="fullFillTable2DWithDefaultValues_02" classname="TwoDimensionalTableTest" time="0"/>
  <testcase name="fullFillTable2DWithDefaultValues_03" classname="TwoDimensionalTableTest" time="0"/>
  <testcase name="fullFillTable2DWithDefaultValues_04" classname="TwoDimensionalTableTest" time="0"/>
</testsuite>